{"sessionId": "dcc858", "runId": "pre-fix", "hypothesisId": "A", "location": "page_2_parser.py:parse_page_2:entry", "message": "enter parse_page_2", "data": {"page_num_0based": 4, "page_num_1based": 5, "text_len": 826}, "timestamp": 1776778629574}
{"sessionId": "dcc858", "runId": "pre-fix", "hypothesisId": "A", "location": "page_2_parser.py:parse_page_2:entry", "message": "enter parse_page_2", "data": {"page_num_0based": 5, "page_num_1based": 6, "text_len": 838}, "timestamp": 1776778629757}
{"sessionId": "dcc858", "runId": "pre-fix", "hypothesisId": "A", "location": "page_2_parser.py:parse_page_2:entry", "message": "enter parse_page_2", "data": {"page_num_0based": 6, "page_num_1based": 7, "text_len": 828}, "timestamp": 1776778629877}
{"sessionId": "dcc858", "runId": "pre-fix", "hypothesisId": "A", "location": "page_2_parser.py:parse_page_2:entry", "message": "enter parse_page_2", "data": {"page_num_0based": 7, "page_num_1based": 8, "text_len": 820}, "timestamp": 1776778629972}
{"sessionId": "dcc858", "runId": "pre-fix", "hypothesisId": "A", "location": "page_2_parser.py:parse_page_2:entry", "message": "enter parse_page_2", "data": {"page_num_0based": 8, "page_num_1based": 9, "text_len": 872}, "timestamp": 1776778630064}
{"sessionId": "dcc858", "runId": "pre-fix", "hypothesisId": "A", "location": "page_2_parser.py:parse_page_2:entry", "message": "enter parse_page_2", "data": {"page_num_0based": 9, "page_num_1based": 10, "text_len": 862}, "timestamp": 1776778630146}
{"sessionId": "dcc858", "runId": "pre-fix", "hypothesisId": "A", "location": "page_2_parser.py:parse_page_2:entry", "message": "enter parse_page_2", "data": {"page_num_0based": 10, "page_num_1based": 11, "text_len": 859}, "timestamp": 1776778630235}
{"sessionId": "dcc858", "runId": "pre-fix", "hypothesisId": "A", "location": "page_2_parser.py:parse_page_2:entry", "message": "enter parse_page_2", "data": {"page_num_0based": 11, "page_num_1based": 12, "text_len": 854}, "timestamp": 1776778630320}
{"sessionId": "dcc858", "runId": "pre-fix", "hypothesisId": "A", "location": "page_2_parser.py:parse_page_2:entry", "message": "enter parse_page_2", "data": {"page_num_0based": 12, "page_num_1based": 13, "text_len": 830}, "timestamp": 1776778630406}
{"sessionId": "dcc858", "runId": "pre-fix", "hypothesisId": "A", "location": "page_2_parser.py:parse_page_2:entry", "message": "enter parse_page_2", "data": {"page_num_0based": 13, "page_num_1based": 14, "text_len": 857}, "timestamp": 1776778630496}
{"sessionId": "dcc858", "runId": "pre-fix", "hypothesisId": "A", "location": "page_2_parser.py:parse_page_2:entry", "message": "enter parse_page_2", "data": {"page_num_0based": 14, "page_num_1based": 15, "text_len": 864}, "timestamp": 1776778630586}
{"sessionId": "dcc858", "runId": "pre-fix", "hypothesisId": "A", "location": "page_2_parser.py:parse_page_2:entry", "message": "enter parse_page_2", "data": {"page_num_0based": 15, "page_num_1based": 16, "text_len": 969}, "timestamp": 1776778630685}
{"sessionId": "dcc858", "runId": "pre-fix", "hypothesisId": "A", "location": "page_2_parser.py:parse_page_2:entry", "message": "enter parse_page_2", "data": {"page_num_0based": 16, "page_num_1based": 17, "text_len": 1017}, "timestamp": 1776778630761}
{"sessionId": "dcc858", "runId": "pre-fix", "hypothesisId": "A", "location": "page_2_parser.py:parse_page_2:entry", "message": "enter parse_page_2", "data": {"page_num_0based": 17, "page_num_1based": 18, "text_len": 1114}, "timestamp": 1776778630832}
{"sessionId": "dcc858", "runId": "pre-fix", "hypothesisId": "A", "location": "page_2_parser.py:parse_page_2:entry", "message": "enter parse_page_2", "data": {"page_num_0based": 18, "page_num_1based": 19, "text_len": 1155}, "timestamp": 1776778630908}
{"sessionId": "dcc858", "runId": "pre-fix", "hypothesisId": "A", "location": "page_2_parser.py:parse_page_2:entry", "message": "enter parse_page_2", "data": {"page_num_0based": 19, "page_num_1based": 20, "text_len": 1092}, "timestamp": 1776778630990}
{"sessionId": "dcc858", "runId": "pre-fix", "hypothesisId": "A", "location": "page_2_parser.py:parse_page_2:entry", "message": "enter parse_page_2", "data": {"page_num_0based": 20, "page_num_1based": 21, "text_len": 812}, "timestamp": 1776778631063}
{"sessionId": "dcc858", "runId": "pre-fix", "hypothesisId": "A", "location": "page_2_parser.py:parse_page_2:entry", "message": "enter parse_page_2", "data": {"page_num_0based": 21, "page_num_1based": 22, "text_len": 1040}, "timestamp": 1776778631142}
{"sessionId": "dcc858", "runId": "pre-fix", "hypothesisId": "A", "location": "page_2_parser.py:parse_page_2:entry", "message": "enter parse_page_2", "data": {"page_num_0based": 22, "page_num_1based": 23, "text_len": 1133}, "timestamp": 1776778631233}
{"sessionId": "dcc858", "runId": "pre-fix", "hypothesisId": "A", "location": "page_2_parser.py:parse_page_2:entry", "message": "enter parse_page_2", "data": {"page_num_0based": 23, "page_num_1based": 24, "text_len": 1192}, "timestamp": 1776778631308}
{"sessionId": "dcc858", "runId": "pre-fix", "hypothesisId": "A", "location": "page_2_parser.py:parse_page_2:entry", "message": "enter parse_page_2", "data": {"page_num_0based": 24, "page_num_1based": 25, "text_len": 1353}, "timestamp": 1776778631379}
{"sessionId": "dcc858", "runId": "pre-fix", "hypothesisId": "A", "location": "page_2_parser.py:parse_page_2:entry", "message": "enter parse_page_2", "data": {"page_num_0based": 25, "page_num_1based": 26, "text_len": 1186}, "timestamp": 1776778631461}
{"sessionId": "dcc858", "runId": "pre-fix", "hypothesisId": "A", "location": "page_2_parser.py:parse_page_2:entry", "message": "enter parse_page_2", "data": {"page_num_0based": 26, "page_num_1based": 27, "text_len": 1171}, "timestamp": 1776778631549}
{"sessionId": "dcc858", "runId": "pre-fix", "hypothesisId": "A", "location": "page_2_parser.py:parse_page_2:entry", "message": "enter parse_page_2", "data": {"page_num_0based": 27, "page_num_1based": 28, "text_len": 1246}, "timestamp": 1776778631626}
{"sessionId": "dcc858", "runId": "pre-fix", "hypothesisId": "A", "location": "page_2_parser.py:parse_page_2:entry", "message": "enter parse_page_2", "data": {"page_num_0based": 28, "page_num_1based": 29, "text_len": 1097}, "timestamp": 1776778631704}
{"sessionId": "dcc858", "runId": "pre-fix", "hypothesisId": "A", "location": "page_2_parser.py:parse_page_2:entry", "message": "enter parse_page_2", "data": {"page_num_0based": 29, "page_num_1based": 30, "text_len": 1305}, "timestamp": 1776778631781}
{"sessionId": "dcc858", "runId": "pre-fix", "hypothesisId": "A", "location": "page_2_parser.py:parse_page_2:entry", "message": "enter parse_page_2", "data": {"page_num_0based": 30, "page_num_1based": 31, "text_len": 1178}, "timestamp": 1776778631858}
{"sessionId": "dcc858", "runId": "pre-fix", "hypothesisId": "A", "location": "page_2_parser.py:parse_page_2:entry", "message": "enter parse_page_2", "data": {"page_num_0based": 31, "page_num_1based": 32, "text_len": 1193}, "timestamp": 1776778631942}
{"sessionId": "dcc858", "runId": "pre-fix", "hypothesisId": "A", "location": "page_2_parser.py:parse_page_2:entry", "message": "enter parse_page_2", "data": {"page_num_0based": 32, "page_num_1based": 33, "text_len": 1165}, "timestamp": 1776778632015}
{"sessionId": "dcc858", "runId": "pre-fix", "hypothesisId": "A", "location": "page_2_parser.py:parse_page_2:entry", "message": "enter parse_page_2", "data": {"page_num_0based": 33, "page_num_1based": 34, "text_len": 1241}, "timestamp": 1776778632090}
{"sessionId": "dcc858", "runId": "pre-fix", "hypothesisId": "A", "location": "page_2_parser.py:parse_page_2:entry", "message": "enter parse_page_2", "data": {"page_num_0based": 34, "page_num_1based": 35, "text_len": 1273}, "timestamp": 1776778632170}
{"sessionId": "dcc858", "runId": "pre-fix", "hypothesisId": "A", "location": "page_2_parser.py:parse_page_2:entry", "message": "enter parse_page_2", "data": {"page_num_0based": 35, "page_num_1based": 36, "text_len": 1341}, "timestamp": 1776778632250}
{"sessionId": "dcc858", "runId": "pre-fix", "hypothesisId": "A", "location": "page_2_parser.py:parse_page_2:entry", "message": "enter parse_page_2", "data": {"page_num_0based": 36, "page_num_1based": 37, "text_len": 1238}, "timestamp": 1776778632325}
{"sessionId": "dcc858", "runId": "pre-fix", "hypothesisId": "A", "location": "page_2_parser.py:parse_page_2:entry", "message": "enter parse_page_2", "data": {"page_num_0based": 37, "page_num_1based": 38, "text_len": 1189}, "timestamp": 1776778632412}
{"sessionId": "dcc858", "runId": "pre-fix", "hypothesisId": "A", "location": "page_2_parser.py:parse_page_2:entry", "message": "enter parse_page_2", "data": {"page_num_0based": 38, "page_num_1based": 39, "text_len": 1127}, "timestamp": 1776778632502}
{"sessionId": "dcc858", "runId": "pre-fix", "hypothesisId": "A", "location": "page_2_parser.py:parse_page_2:entry", "message": "enter parse_page_2", "data": {"page_num_0based": 39, "page_num_1based": 40, "text_len": 1244}, "timestamp": 1776778632576}
{"sessionId": "dcc858", "runId": "pre-fix", "hypothesisId": "A", "location": "page_2_parser.py:parse_page_2:entry", "message": "enter parse_page_2", "data": {"page_num_0based": 40, "page_num_1based": 41, "text_len": 1289}, "timestamp": 1776778632653}
{"sessionId": "dcc858", "runId": "pre-fix", "hypothesisId": "A", "location": "page_2_parser.py:parse_page_2:entry", "message": "enter parse_page_2", "data": {"page_num_0based": 41, "page_num_1based": 42, "text_len": 1009}, "timestamp": 1776778632729}
{"sessionId": "dcc858", "runId": "pre-fix", "hypothesisId": "A", "location": "page_2_parser.py:parse_page_2:entry", "message": "enter parse_page_2", "data": {"page_num_0based": 42, "page_num_1based": 43, "text_len": 1251}, "timestamp": 1776778632806}
{"sessionId": "dcc858", "runId": "pre-fix", "hypothesisId": "A", "location": "page_2_parser.py:parse_page_2:entry", "message": "enter parse_page_2", "data": {"page_num_0based": 43, "page_num_1based": 44, "text_len": 1223}, "timestamp": 1776778632886}
{"sessionId": "dcc858", "runId": "pre-fix", "hypothesisId": "A", "location": "page_2_parser.py:parse_page_2:entry", "message": "enter parse_page_2", "data": {"page_num_0based": 44, "page_num_1based": 45, "text_len": 1262}, "timestamp": 1776778632975}
{"sessionId": "dcc858", "runId": "pre-fix", "hypothesisId": "A", "location": "page_2_parser.py:parse_page_2:entry", "message": "enter parse_page_2", "data": {"page_num_0based": 45, "page_num_1based": 46, "text_len": 1198}, "timestamp": 1776778633058}
{"sessionId": "dcc858", "runId": "pre-fix", "hypothesisId": "A", "location": "page_2_parser.py:parse_page_2:entry", "message": "enter parse_page_2", "data": {"page_num_0based": 46, "page_num_1based": 47, "text_len": 1103}, "timestamp": 1776778633138}
{"sessionId": "dcc858", "runId": "pre-fix", "hypothesisId": "A", "location": "page_2_parser.py:parse_page_2:entry", "message": "enter parse_page_2", "data": {"page_num_0based": 47, "page_num_1based": 48, "text_len": 1369}, "timestamp": 1776778633222}
{"sessionId": "dcc858", "runId": "pre-fix", "hypothesisId": "A", "location": "page_2_parser.py:parse_page_2:entry", "message": "enter parse_page_2", "data": {"page_num_0based": 48, "page_num_1based": 49, "text_len": 1310}, "timestamp": 1776778633312}
{"sessionId": "dcc858", "runId": "pre-fix", "hypothesisId": "A", "location": "page_2_parser.py:parse_page_2:entry", "message": "enter parse_page_2", "data": {"page_num_0based": 49, "page_num_1based": 50, "text_len": 1186}, "timestamp": 1776778633399}
{"sessionId": "dcc858", "runId": "pre-fix", "hypothesisId": "A", "location": "page_2_parser.py:parse_page_2:entry", "message": "enter parse_page_2", "data": {"page_num_0based": 50, "page_num_1based": 51, "text_len": 1329}, "timestamp": 1776778633479}
{"sessionId": "dcc858", "runId": "pre-fix", "hypothesisId": "A", "location": "page_2_parser.py:parse_page_2:entry", "message": "enter parse_page_2", "data": {"page_num_0based": 51, "page_num_1based": 52, "text_len": 1209}, "timestamp": 1776778633552}
{"sessionId": "dcc858", "runId": "pre-fix", "hypothesisId": "A", "location": "page_2_parser.py:parse_page_2:entry", "message": "enter parse_page_2", "data": {"page_num_0based": 52, "page_num_1based": 53, "text_len": 1267}, "timestamp": 1776778633628}
{"sessionId": "dcc858", "runId": "pre-fix", "hypothesisId": "A", "location": "page_2_parser.py:parse_page_2:entry", "message": "enter parse_page_2", "data": {"page_num_0based": 53, "page_num_1based": 54, "text_len": 1174}, "timestamp": 1776778633718}
{"sessionId": "dcc858", "runId": "pre-fix", "hypothesisId": "CM", "location": "page_3_parser.py:parse_page_3:entry", "message": "enter parse_page_3", "data": {"page_num_1based": 55, "text_len": 1190}, "timestamp": 1776778633836}
{"sessionId": "dcc858", "runId": "cm-4rows-shape", "hypothesisId": "CM", "location": "page_3_parser.py:_parse_cm_careers_from_raw_table:data_shape", "message": "CM table data shape before 4-row grouping", "data": {"page_num_1based": 55, "header_start": 1, "n_rows_total": 29, "n_rows_data_non_empty": 16, "n_rows_data_mod_4": 0, "first_data_row_joined": "2001.04.06\n~\n2001.12.31\n(269일)\n(270일)포천지구(오가제,장자제,신북제)개수공사전면책임토목건설사업관리(감독권한\n대행)"}, "timestamp": 1776778633916}
{"sessionId": "dcc858", "runId": "cm-records", "hypothesisId": "CM", "location": "page_3_parser.py:_parse_cm_careers_from_raw_table:records_built", "message": "built CM records from table rows", "data": {"page_num_1based": 55, "header_start": 1, "n_blocks": 4, "non_empty_rows_per_block": [3, 4, 3, 4]}, "timestamp": 1776778633923}
{"sessionId": "dcc858", "runId": "pre-fix", "hypothesisId": "CM", "location": "page_3_parser.py:parse_page_3:entry", "message": "enter parse_page_3", "data": {"page_num_1based": 56, "text_len": 1417}, "timestamp": 1776778633930}
{"sessionId": "dcc858", "runId": "cm-4rows-shape", "hypothesisId": "CM", "location": "page_3_parser.py:_parse_cm_careers_from_raw_table:data_shape", "message": "CM table data shape before 4-row grouping", "data": {"page_num_1based": 56, "header_start": 1, "n_rows_total": 29, "n_rows_data_non_empty": 17, "n_rows_data_mod_4": 1, "first_data_row_joined": "2012.03.19\n~\n2014.03.18\n(15일)\n(730일)조금지구재해위험지구정비사업전면책임감리용역토목건설사업관리(감독권한\n대행)"}, "timestamp": 1776778634016}
{"sessionId": "dcc858", "runId": "cm-records", "hypothesisId": "CM", "location": "page_3_parser.py:_parse_cm_careers_from_raw_table:records_built", "message": "built CM records from table rows", "data": {"page_num_1based": 56, "header_start": 1, "n_blocks": 5, "non_empty_rows_per_block": [3, 3, 3, 3, 4]}, "timestamp": 1776778634022}
{"sessionId": "dcc858", "runId": "pre-fix", "hypothesisId": "CM", "location": "page_3_parser.py:parse_page_3:entry", "message": "enter parse_page_3", "data": {"page_num_1based": 57, "text_len": 1345}, "timestamp": 1776778634037}
{"sessionId": "dcc858", "runId": "cm-4rows-shape", "hypothesisId": "CM", "location": "page_3_parser.py:_parse_cm_careers_from_raw_table:data_shape", "message": "CM table data shape before 4-row grouping", "data": {"page_num_1based": 57, "header_start": 1, "n_rows_total": 29, "n_rows_data_non_empty": 16, "n_rows_data_mod_4": 0, "first_data_row_joined": "2017.03.22\n~\n2021.01.15\n(53일)\n(1,396일)금천 생태하천 복원사업외1건 감독권한대행 등 건설사업관리(통합)용역토목건설사업관리(감독권한\n대행)"}, "timestamp": 1776778634119}
{"sessionId": "dcc858", "runId": "cm-records", "hypothesisId": "CM", "location": "page_3_parser.py:_parse_cm_careers_from_raw_table:records_built", "message": "built CM records from table rows", "data": {"page_num_1based": 57, "header_start": 1, "n_blocks": 4, "non_empty_rows_per_block": [3, 4, 4, 3]}, "timestamp": 1776778634126}
{"sessionId": "dcc858", "runId": "pre-fix", "hypothesisId": "CM", "location": "page_3_parser.py:parse_page_3:entry", "message": "enter parse_page_3", "data": {"page_num_1based": 58, "text_len": 1284}, "timestamp": 1776778634131}
{"sessionId": "dcc858", "runId": "cm-4rows-shape", "hypothesisId": "CM", "location": "page_3_parser.py:_parse_cm_careers_from_raw_table:data_shape", "message": "CM table data shape before 4-row grouping", "data": {"page_num_1based": 58, "header_start": 1, "n_rows_total": 29, "n_rows_data_non_empty": 16, "n_rows_data_mod_4": 0, "first_data_row_joined": "┖→"}, "timestamp": 1776778634204}
{"sessionId": "dcc858", "runId": "cm-records", "hypothesisId": "CM", "location": "page_3_parser.py:_parse_cm_careers_from_raw_table:records_built", "message": "built CM records from table rows", "data": {"page_num_1based": 58, "header_start": 1, "n_blocks": 4, "non_empty_rows_per_block": [3, 3, 4, 3]}, "timestamp": 1776778634213}
{"sessionId": "dcc858", "runId": "pre-fix", "hypothesisId": "CM", "location": "page_3_parser.py:parse_page_3:entry", "message": "enter parse_page_3", "data": {"page_num_1based": 59, "text_len": 1341}, "timestamp": 1776778634220}
{"sessionId": "dcc858", "runId": "cm-4rows-shape", "hypothesisId": "CM", "location": "page_3_parser.py:_parse_cm_careers_from_raw_table:data_shape", "message": "CM table data shape before 4-row grouping", "data": {"page_num_1based": 59, "header_start": 1, "n_rows_total": 29, "n_rows_data_non_empty": 16, "n_rows_data_mod_4": 0, "first_data_row_joined": "2019.12.17\n~\n근 무 중\n(335일)\n(1,915일)사이곡천 사이곡지구 지방하천정비사업 건설사업관리용역토목건설사업관리(감독권한\n대행)"}, "timestamp": 1776778634306}
{"sessionId": "dcc858", "runId": "cm-records", "hypothesisId": "CM", "location": "page_3_parser.py:_parse_cm_careers_from_raw_table:records_built", "message": "built CM records from table rows", "data": {"page_num_1based": 59, "header_start": 1, "n_blocks": 4, "non_empty_rows_per_block": [4, 4, 3, 3]}, "timestamp": 1776778634311}
{"sessionId": "dcc858", "runId": "pre-fix", "hypothesisId": "CM", "location": "page_3_parser.py:parse_page_3:entry", "message": "enter parse_page_3", "data": {"page_num_1based": 60, "text_len": 1267}, "timestamp": 1776778634318}
{"sessionId": "dcc858", "runId": "cm-4rows-shape", "hypothesisId": "CM", "location": "page_3_parser.py:_parse_cm_careers_from_raw_table:data_shape", "message": "CM table data shape before 4-row grouping", "data": {"page_num_1based": 60, "header_start": 1, "n_rows_total": 29, "n_rows_data_non_empty": 16, "n_rows_data_mod_4": 0, "first_data_row_joined": "2020.02.26\n~\n2020.05.12\n(2일)\n(77일)낙화암천(영주지구)하천재해예방사업 건설사업관리용역토목건설사업관리(감독권한\n대행)"}, "timestamp": 1776778634401}
{"sessionId": "dcc858", "runId": "cm-records", "hypothesisId": "CM", "location": "page_3_parser.py:_parse_cm_careers_from_raw_table:records_built", "message": "built CM records from table rows", "data": {"page_num_1based": 60, "header_start": 1, "n_blocks": 4, "non_empty_rows_per_block": [3, 4, 3, 4]}, "timestamp": 1776778634405}
{"sessionId": "dcc858", "runId": "pre-fix", "hypothesisId": "CM", "location": "page_3_parser.py:parse_page_3:entry", "message": "enter parse_page_3", "data": {"page_num_1based": 61, "text_len": 1474}, "timestamp": 1776778634411}
{"sessionId": "dcc858", "runId": "cm-4rows-shape", "hypothesisId": "CM", "location": "page_3_parser.py:_parse_cm_careers_from_raw_table:data_shape", "message": "CM table data shape before 4-row grouping", "data": {"page_num_1based": 61, "header_start": 1, "n_rows_total": 22, "n_rows_data_non_empty": 14, "n_rows_data_mod_4": 2, "first_data_row_joined": "2020.07.07\n~\n2020.07.22\n(0일)\n(16일)소도천(황지지구)하천재해예방공사 감리(건설사업관리)용역토목건설사업관리(감독권한\n대행)"}, "timestamp": 1776778634497}
{"sessionId": "dcc858", "runId": "cm-records", "hypothesisId": "CM", "location": "page_3_parser.py:_parse_cm_careers_from_raw_table:records_built", "message": "built CM records from table rows", "data": {"page_num_1based": 61, "header_start": 1, "n_blocks": 3, "non_empty_rows_per_block": [3, 3, 4]}, "timestamp": 1776778634504}
{"sessionId": "dcc858", "runId": "pre-fix", "hypothesisId": "A", "location": "page_2_parser.py:parse_page_2:entry", "message": "enter parse_page_2", "data": {"page_num_0based": 3, "page_num_1based": 4, "text_len": 786}, "timestamp": 1776845084310}
{"sessionId": "dcc858", "runId": "pre-fix", "hypothesisId": "A", "location": "page_2_parser.py:parse_page_2:entry", "message": "enter parse_page_2", "data": {"page_num_0based": 4, "page_num_1based": 5, "text_len": 863}, "timestamp": 1776845084457}
{"sessionId": "dcc858", "runId": "pre-fix", "hypothesisId": "A", "location": "page_2_parser.py:parse_page_2:entry", "message": "enter parse_page_2", "data": {"page_num_0based": 5, "page_num_1based": 6, "text_len": 1000}, "timestamp": 1776845084542}
{"sessionId": "dcc858", "runId": "pre-fix", "hypothesisId": "A", "location": "page_2_parser.py:parse_page_2:entry", "message": "enter parse_page_2", "data": {"page_num_0based": 6, "page_num_1based": 7, "text_len": 975}, "timestamp": 1776845084618}
{"sessionId": "dcc858", "runId": "pre-fix", "hypothesisId": "A", "location": "page_2_parser.py:parse_page_2:entry", "message": "enter parse_page_2", "data": {"page_num_0based": 7, "page_num_1based": 8, "text_len": 622}, "timestamp": 1776845084699}
{"sessionId": "dcc858", "runId": "pre-fix", "hypothesisId": "CM", "location": "page_3_parser.py:parse_page_3:entry", "message": "enter parse_page_3", "data": {"page_num_1based": 9, "text_len": 1153}, "timestamp": 1776845084754}
{"sessionId": "dcc858", "runId": "cm-4rows-shape", "hypothesisId": "CM", "location": "page_3_parser.py:_parse_cm_careers_from_raw_table:data_shape", "message": "CM table data shape before 4-row grouping", "data": {"page_num_1based": 9, "header_start": 1, "n_rows_total": 18, "n_rows_data_non_empty": 10, "n_rows_data_mod_4": 2, "first_data_row_joined": "2025.03.01\n~\n2025.06.30\n(122일)\n(122일)이천시 하천분야 통합건설사업관리토목건설사업관리(감독권한\n대행)"}, "timestamp": 1776845084859}
{"sessionId": "dcc858", "runId": "cm-records", "hypothesisId": "CM", "location": "page_3_parser.py:_parse_cm_careers_from_raw_table:records_built", "message": "built CM records from table rows", "data": {"page_num_1based": 9, "header_start": 1, "n_blocks": 1, "non_empty_rows_per_block": [4]}, "timestamp": 1776845084862}
{"sessionId": "dcc858", "runId": "pre-fix", "hypothesisId": "A", "location": "page_2_parser.py:parse_page_2:entry", "message": "enter parse_page_2", "data": {"page_num_0based": 4, "page_num_1based": 5, "text_len": 839}, "timestamp": 1776845095343}
{"sessionId": "dcc858", "runId": "pre-fix", "hypothesisId": "A", "location": "page_2_parser.py:parse_page_2:entry", "message": "enter parse_page_2", "data": {"page_num_0based": 5, "page_num_1based": 6, "text_len": 822}, "timestamp": 1776845095474}
{"sessionId": "dcc858", "runId": "pre-fix", "hypothesisId": "A", "location": "page_2_parser.py:parse_page_2:entry", "message": "enter parse_page_2", "data": {"page_num_0based": 6, "page_num_1based": 7, "text_len": 823}, "timestamp": 1776845095556}
{"sessionId": "dcc858", "runId": "pre-fix", "hypothesisId": "A", "location": "page_2_parser.py:parse_page_2:entry", "message": "enter parse_page_2", "data": {"page_num_0based": 7, "page_num_1based": 8, "text_len": 1000}, "timestamp": 1776845095628}
{"sessionId": "dcc858", "runId": "pre-fix", "hypothesisId": "A", "location": "page_2_parser.py:parse_page_2:entry", "message": "enter parse_page_2", "data": {"page_num_0based": 8, "page_num_1based": 9, "text_len": 981}, "timestamp": 1776845095703}
{"sessionId": "dcc858", "runId": "pre-fix", "hypothesisId": "A", "location": "page_2_parser.py:parse_page_2:entry", "message": "enter parse_page_2", "data": {"page_num_0based": 9, "page_num_1based": 10, "text_len": 489}, "timestamp": 1776845095777}
{"sessionId": "dcc858", "runId": "pre-fix", "hypothesisId": "CM", "location": "page_3_parser.py:parse_page_3:entry", "message": "enter parse_page_3", "data": {"page_num_1based": 11, "text_len": 940}, "timestamp": 1776845095828}
{"sessionId": "dcc858", "runId": "cm-4rows-shape", "hypothesisId": "CM", "location": "page_3_parser.py:_parse_cm_careers_from_raw_table:data_shape", "message": "CM table data shape before 4-row grouping", "data": {"page_num_1based": 11, "header_start": 1, "n_rows_total": 14, "n_rows_data_non_empty": 6, "n_rows_data_mod_4": 2, "first_data_row_joined": "~\n(일)\n(일)*** 해당 없음 ***"}, "timestamp": 1776845095880}
{"sessionId": "dcc858", "runId": "cm-records", "hypothesisId": "CM", "location": "page_3_parser.py:_parse_cm_careers_from_raw_table:records_built", "message": "built CM records from table rows", "data": {"page_num_1based": 11, "header_start": 1, "n_blocks": 0, "non_empty_rows_per_block": []}, "timestamp": 1776845095887}
